<?xml version="1.0" encoding="UTF-8"?>
<!-- Generated by org.testng.reporters.JUnitReportReporter -->
<testsuite hostname="JananeVijay" failures="0" tests="1" name="springBootApp.PostNewEmployee" time="1.428" errors="0" timestamp="18 Jul 2023 17:34:59 GMT" skipped="0">
  <testcase classname="springBootApp.PostNewEmployee" name="test1" time="1.428"/>
</testsuite> <!-- springBootApp.PostNewEmployee -->
