<?xml version="1.0" encoding="UTF-8"?>
<!-- Generated by org.testng.reporters.JUnitReportReporter -->
<testsuite hostname="JananeVijay" failures="0" tests="1" name="restAPIBDD.DeleteRequestBDD" time="1.305" errors="0" timestamp="19 Jul 2023 16:15:48 GMT" skipped="0">
  <testcase classname="restAPIBDD.DeleteRequestBDD" name="test1" time="1.305"/>
</testsuite> <!-- restAPIBDD.DeleteRequestBDD -->
