<?xml version="1.0" encoding="UTF-8"?>
<!-- Generated by org.testng.reporters.JUnitReportReporter -->
<testsuite hostname="JananeVijay" failures="0" tests="1" name="restAPI.GetRequest" time="4.996" errors="0" timestamp="17 Jul 2023 11:10:45 GMT" skipped="0">
  <testcase classname="restAPI.GetRequest" name="test1" time="4.996"/>
</testsuite> <!-- restAPI.GetRequest -->
