<?xml version="1.0" encoding="UTF-8"?>
<!-- Generated by org.testng.reporters.JUnitReportReporter -->
<testsuite hostname="JananeVijay" failures="0" tests="1" name="GitHub.CreateRepo" time="2.857" errors="0" timestamp="19 Jul 2023 13:07:05 GMT" skipped="0">
  <testcase classname="GitHub.CreateRepo" name="test1" time="2.857"/>
</testsuite> <!-- GitHub.CreateRepo -->
