<?xml version="1.0" encoding="UTF-8"?>
<!-- Generated by org.testng.reporters.JUnitReportReporter -->
<testsuite hostname="JananeVijay" failures="0" tests="1" name="restAPI.PostRequestWithFile" time="2.172" errors="0" timestamp="17 Jul 2023 13:35:31 GMT" skipped="0">
  <testcase classname="restAPI.PostRequestWithFile" name="test1" time="2.172"/>
</testsuite> <!-- restAPI.PostRequestWithFile -->
