<?xml version="1.0" encoding="UTF-8"?>
<!-- Generated by org.testng.reporters.JUnitReportReporter -->
<testsuite hostname="JananeVijay" failures="0" tests="1" name="restAPI.PutRequest" time="1.631" errors="0" timestamp="18 Jul 2023 17:07:31 GMT" skipped="0">
  <testcase classname="restAPI.PutRequest" name="test1" time="1.631"/>
</testsuite> <!-- restAPI.PutRequest -->
