<?xml version="1.0" encoding="UTF-8"?>
<!-- Generated by org.testng.reporters.JUnitReportReporter -->
<testsuite hostname="JananeVijay" failures="0" tests="1" name="restAPI.DeleteRequest" time="1.458" errors="0" timestamp="18 Jul 2023 17:12:59 GMT" skipped="0">
  <testcase classname="restAPI.DeleteRequest" name="test1" time="1.458"/>
</testsuite> <!-- restAPI.DeleteRequest -->
