<?xml version="1.0" encoding="UTF-8"?>
<!-- Generated by org.testng.reporters.JUnitReportReporter -->
<testsuite hostname="JananeVijay" failures="0" tests="2" name="restAPIXML.XMLTest" time="2.452" errors="0" timestamp="19 Jul 2023 16:54:18 GMT" skipped="0">
  <testcase classname="restAPIXML.XMLTest" name="test1" time="1.552"/>
  <testcase classname="restAPIXML.XMLTest" name="test2" time="0.900"/>
</testsuite> <!-- restAPIXML.XMLTest -->
