<?xml version="1.0" encoding="UTF-8"?>
<!-- Generated by org.testng.reporters.JUnitReportReporter -->
<testsuite hostname="JananeVijay" failures="0" tests="1" name="restAPI.PostRequestWithJsonObject" time="2.272" errors="0" timestamp="17 Jul 2023 13:18:46 GMT" skipped="0">
  <testcase classname="restAPI.PostRequestWithJsonObject" name="test1" time="2.272"/>
</testsuite> <!-- restAPI.PostRequestWithJsonObject -->
