<?xml version="1.0" encoding="UTF-8"?>
<!-- Generated by org.testng.reporters.JUnitReportReporter -->
<testsuite hostname="JananeVijay" failures="0" tests="1" name="GitHub.DeleteRepo" time="2.042" errors="0" timestamp="19 Jul 2023 13:07:18 GMT" skipped="0">
  <testcase classname="GitHub.DeleteRepo" name="test1" time="2.042"/>
</testsuite> <!-- GitHub.DeleteRepo -->
