<?xml version="1.0" encoding="UTF-8"?>
<!-- Generated by org.testng.reporters.JUnitReportReporter -->
<testsuite hostname="JananeVijay" failures="0" tests="1" name="restAPI.PostRequest" time="1.640" errors="0" timestamp="17 Jul 2023 11:50:24 GMT" skipped="0">
  <testcase classname="restAPI.PostRequest" name="test1" time="1.640"/>
</testsuite> <!-- restAPI.PostRequest -->
