<?xml version="1.0" encoding="UTF-8"?>
<!-- Generated by org.testng.reporters.JUnitReportReporter -->
<testsuite hostname="JananeVijay" failures="0" tests="1" name="springBootApp.GetAllEmployee" time="1.345" errors="0" timestamp="18 Jul 2023 17:22:11 GMT" skipped="0">
  <testcase classname="springBootApp.GetAllEmployee" name="test1" time="1.345"/>
</testsuite> <!-- springBootApp.GetAllEmployee -->
