<?xml version="1.0" encoding="UTF-8"?>
<!-- Generated by org.testng.reporters.JUnitReportReporter -->
<testsuite hostname="JananeVijay" failures="0" tests="1" name="restAPI.PostRequestwithMap" time="2.715" errors="0" timestamp="17 Jul 2023 12:56:47 GMT" skipped="0">
  <testcase classname="restAPI.PostRequestwithMap" name="test1" time="2.715"/>
</testsuite> <!-- restAPI.PostRequestwithMap -->
